<?xml version="1.0" encoding="UTF-8"?>
<testng-results skipped="0" failed="0" total="1" passed="1">
  <reporter-output>
  </reporter-output>
  <suite name="Default suite" duration-ms="8569" started-at="2022-05-27T09:03:58Z" finished-at="2022-05-27T09:04:07Z">
    <groups>
    </groups>
    <test name="Default test" duration-ms="8569" started-at="2022-05-27T09:03:58Z" finished-at="2022-05-27T09:04:07Z">
      <class name="Testcases.RegUser">
        <test-method status="PASS" signature="RegisterUser()[pri:0, instance:Testcases.RegUser@49993335]" name="RegisterUser" duration-ms="8545" started-at="2022-05-27T14:33:58Z" finished-at="2022-05-27T14:34:07Z">
          <reporter-output>
          </reporter-output>
        </test-method> <!-- RegisterUser -->
      </class> <!-- Testcases.RegUser -->
    </test> <!-- Default test -->
  </suite> <!-- Default suite -->
</testng-results>
